<?xml version="1.0" encoding="UTF-8"?>
<!-- Generated by org.testng.reporters.JUnitXMLReporter -->
<testsuite hostname="KALYAN" ignored="0" name="beforegroup" tests="9" failures="0" timestamp="06 Sep 2020 15:11:26 GMT" time="0.484" errors="0">
  <testcase name="verifyTest1" time="0.031" classname="demo2b.DemoTestNG.TestGroup1"/>
  <testcase name="verifyTest2" time="0.0" classname="demo2b.DemoTestNG.TestGroup1"/>
  <testcase name="verifyTest3" time="0.0" classname="demo2b.DemoTestNG.TestGroup1"/>
  <testcase name="verifyTest4" time="0.0" classname="demo2b.DemoTestNG.TestGroup1"/>
  <testcase name="verifyTest5" time="0.016" classname="demo2b.DemoTestNG.TestGroup1"/>
  <testcase name="verifyTest6" time="0.0" classname="demo2b.DemoTestNG.TestGroup1"/>
  <testcase name="verifyTest7" time="0.015" classname="demo2b.DemoTestNG.TestGroup1"/>
  <testcase name="verifyTest8" time="0.0" classname="demo2b.DemoTestNG.TestGroup1"/>
  <testcase name="verifyTest9" time="0.0" classname="demo2b.DemoTestNG.TestGroup1"/>
</testsuite> <!-- beforegroup -->
