<?xml version="1.0" encoding="UTF-8" standalone="no"?>
<testsuite failures="1" name="cucumber.runtime.formatter.JUnitFormatter" skipped="0" tests="1" time="0">
<testcase classname="Jenkins Login Feature" name="Jenkins Login Test Scenario" time="0">
<failure message="The scenario has pending or undefined step(s)"><![CDATA[Given user is already on login page.........................................undefined
When title of login page is Jenkins.........................................undefined
Then user enter username and password.......................................undefined
Then user click on login button.............................................undefined
Then user is on home page...................................................undefined
Then close the browser......................................................undefined
]]></failure>
</testcase>
</testsuite>
