<?xml version="1.0" encoding="UTF-8"?>
<!-- Generated by org.testng.reporters.JUnitXMLReporter -->
<testsuite hostname="KALYAN" ignored="23" name="Delete_User" tests="3" failures="0" timestamp="12 Sep 2020 17:34:34 GMT" time="22.103" errors="0">
  <testcase name="OpenBrowserForJenkin_jsondata" time="7.501" classname="com.FWL1.runner.Runner_One"/>
  <testcase name="LoginPage_jsondata" time="6.434" classname="com.FWL1.runner.Runner_One"/>
  <testcase name="AA_Delete_existing_Jenkin_user" time="7.793" classname="com.FWL1.runner.Runner_One"/>
  <testcase name="OpenBrowserForJenkin" time="0.0" classname="com.FWL1.runner.Runner_One">
    <ignored/>
  </testcase> <!-- OpenBrowserForJenkin -->
  <testcase name="Click_Custom_workspace_Checkbox" time="0.0" classname="com.FWL1.runner.Runner_One">
    <ignored/>
  </testcase> <!-- Click_Custom_workspace_Checkbox -->
  <testcase name="click_the_check_box_for_Discard_old_builds" time="0.0" classname="com.FWL1.runner.Runner_One">
    <ignored/>
  </testcase> <!-- click_the_check_box_for_Discard_old_builds -->
  <testcase name="Select_maven_project_byclick" time="0.0" classname="com.FWL1.runner.Runner_One">
    <ignored/>
  </testcase> <!-- Select_maven_project_byclick -->
  <testcase name="Delete_Existing_Projects_with_DP" time="0.0" classname="com.FWL1.runner.Runner_One">
    <ignored/>
  </testcase> <!-- Delete_Existing_Projects_with_DP -->
  <testcase name="AB_Add_user_in_Jenkin_by_admin_jsondata" time="0.0" classname="com.FWL1.runner.Runner_One">
    <ignored/>
  </testcase> <!-- AB_Add_user_in_Jenkin_by_admin_jsondata -->
  <testcase name="LoginPage" time="0.0" classname="com.FWL1.runner.Runner_One">
    <ignored/>
  </testcase> <!-- LoginPage -->
  <testcase name="Click_the_floating_Apply_Button" time="0.0" classname="com.FWL1.runner.Runner_One">
    <ignored/>
  </testcase> <!-- Click_the_floating_Apply_Button -->
  <testcase name="ClickOnNewItem" time="0.0" classname="com.FWL1.runner.Runner_One">
    <ignored/>
  </testcase> <!-- ClickOnNewItem -->
  <testcase name="Click_the_checkbox_This_project_is_parameterized" time="0.0" classname="com.FWL1.runner.Runner_One">
    <ignored/>
  </testcase> <!-- Click_the_checkbox_This_project_is_parameterized -->
  <testcase name="Type_Choices_for_Choice_Parameter" time="0.0" classname="com.FWL1.runner.Runner_One">
    <ignored/>
  </testcase> <!-- Type_Choices_for_Choice_Parameter -->
  <testcase name="Type_Name_for_Choice_Parameter" time="0.0" classname="com.FWL1.runner.Runner_One">
    <ignored/>
  </testcase> <!-- Type_Name_for_Choice_Parameter -->
  <testcase name="Click_OK_after_Select_maven_project_byclick" time="0.0" classname="com.FWL1.runner.Runner_One">
    <ignored/>
  </testcase> <!-- Click_OK_after_Select_maven_project_byclick -->
  <testcase name="Enter_The_name_of_the_new_Project_in_theinput_Box_from_xlsx" time="0.0" classname="com.FWL1.runner.Runner_One">
    <ignored/>
  </testcase> <!-- Enter_The_name_of_the_new_Project_in_theinput_Box_from_xlsx -->
  <testcase name="Enter_text_to_Directory_Custom_workspace" time="0.0" classname="com.FWL1.runner.Runner_One">
    <ignored/>
  </testcase> <!-- Enter_text_to_Directory_Custom_workspace -->
  <testcase name="Verify_that_project_is_created_successfully" time="0.0" classname="com.FWL1.runner.Runner_One">
    <ignored/>
  </testcase> <!-- Verify_that_project_is_created_successfully -->
  <testcase name="LogoutJenkinPage" time="0.0" classname="com.FWL1.runner.Runner_One">
    <ignored/>
  </testcase> <!-- LogoutJenkinPage -->
  <testcase name="Click_the_floating_SAVE_Button" time="0.0" classname="com.FWL1.runner.Runner_One">
    <ignored/>
  </testcase> <!-- Click_the_floating_SAVE_Button -->
  <testcase name="get_the_url_of_the_current_page" time="0.0" classname="com.FWL1.runner.Runner_One">
    <ignored/>
  </testcase> <!-- get_the_url_of_the_current_page -->
  <testcase name="AB_Add_user_in_Jenkin_by_admin_jsondata2" time="0.0" classname="com.FWL1.runner.Runner_One">
    <ignored/>
  </testcase> <!-- AB_Add_user_in_Jenkin_by_admin_jsondata2 -->
  <testcase name="Type_Goals_and_Options_in_BUILD" time="0.0" classname="com.FWL1.runner.Runner_One">
    <ignored/>
  </testcase> <!-- Type_Goals_and_Options_in_BUILD -->
  <testcase name="Click_Advanced_Button_Of_BUILD" time="0.0" classname="com.FWL1.runner.Runner_One">
    <ignored/>
  </testcase> <!-- Click_Advanced_Button_Of_BUILD -->
  <testcase name="Select_Choice_parameter_from_Add_Parameter_of_This_project_is_parameterized" time="0.0" classname="com.FWL1.runner.Runner_One">
    <ignored/>
  </testcase> <!-- Select_Choice_parameter_from_Add_Parameter_of_This_project_is_parameterized -->
</testsuite> <!-- Delete_User -->
