<?xml version="1.0" encoding="UTF-8"?>
<!-- Generated by org.testng.reporters.JUnitXMLReporter -->
<testsuite hostname="KALYAN" ignored="0" name="multiply" tests="4" failures="0" timestamp="30 Aug 2020 16:01:36 GMT" time="0.338" errors="0">
  <testcase name="f1234" time="0.003" classname="com.Test_ng.para2"/>
  <testcase name="tc_002" time="0.001" classname="com.Test_ng.para2"/>
  <testcase name="tc_003" time="0.008" classname="com.Test_ng.para2"/>
  <testcase name="tc_004" time="0.004" classname="com.Test_ng.para2"/>
</testsuite> <!-- multiply -->
