<?xml version="1.0" encoding="UTF-8"?>
<!-- Generated by org.testng.reporters.JUnitXMLReporter -->
<testsuite hostname="KALYAN" ignored="1" name="add_multiply_1" tests="3" failures="0" timestamp="30 Aug 2020 16:01:31 GMT" time="0.025" errors="0">
  <testcase name="tc_002" time="0.002" classname="com.Test_ng.para2"/>
  <testcase name="tc_003" time="0.005" classname="com.Test_ng.para2"/>
  <testcase name="tc_004" time="0.006" classname="com.Test_ng.para2"/>
  <testcase name="f1234" time="0.0" classname="com.Test_ng.para2">
    <ignored/>
  </testcase> <!-- f1234 -->
</testsuite> <!-- add_multiply_1 -->
