<?xml version="1.0" encoding="UTF-8"?>
<!-- Generated by org.testng.reporters.JUnitXMLReporter -->
<testsuite hostname="KALYAN" ignored="0" name="multiply" tests="4" failures="0" timestamp="30 Aug 2020 16:01:35 GMT" time="0.105" errors="0">
  <testcase name="f1234" time="0.003" classname="com.Test_ng.para2"/>
  <testcase name="tc_002" time="0.029" classname="com.Test_ng.para2"/>
  <testcase name="tc_003" time="0.013" classname="com.Test_ng.para2"/>
  <testcase name="tc_004" time="0.002" classname="com.Test_ng.para2"/>
</testsuite> <!-- multiply -->
